<?xml version="1.0" encoding="UTF-8"?>
<!-- Generated by org.testng.reporters.JUnitXMLReporter -->
<testsuite ignored="0" hostname="LAPTOP-0EQA0QS8" failures="0" tests="3" name="Surefire test" time="27.137" errors="0" timestamp="2024-03-04T16:26:45 GMT+05:30">
  <testcase classname="EntrataAssess.TestOneTest" name="DemoForm" time="6.67"/>
  <testcase classname="EntrataAssess.TestOneTest" name="SignIn" time="1.43"/>
  <testcase classname="EntrataAssess.TestOneTest" name="testHomePageFunction" time="0.143"/>
</testsuite> <!-- Surefire test -->
