<?xml version="1.0" encoding="UTF-8"?>
<!-- Generated by org.testng.reporters.JUnitXMLReporter -->
<testsuite ignored="0" hostname="LAPTOP-0EQA0QS8" failures="0" tests="4" name="Test" time="41.225" errors="0" timestamp="2024-03-05T15:13:31 GMT+05:30">
  <testcase classname="EntrataAssess.TestOneTest" name="DemoForm" time="5.715"/>
  <testcase classname="EntrataAssess.TestOneTest" name="SignIn" time="2.124"/>
  <testcase classname="EntrataAssess.TestOneTest" name="testHomePageFunction" time="0.176"/>
  <testcase classname="EntrataAssess.TwoTest" name="ProductsIsVisible" time="0.536"/>
</testsuite> <!-- Test -->
