<?xml version="1.0" encoding="UTF-8"?>
<testng-results ignored="0" total="3" passed="3" failed="0" skipped="0">
  <reporter-output>
  </reporter-output>
  <suite started-at="2024-03-04T16:26:18 GMT+05:30" name="Surefire suite" finished-at="2024-03-04T16:26:45 GMT+05:30" duration-ms="27137">
    <groups>
    </groups>
    <test started-at="2024-03-04T16:26:18 GMT+05:30" name="Surefire test" finished-at="2024-03-04T16:26:45 GMT+05:30" duration-ms="27137">
      <class name="EntrataAssess.TestOneTest">
        <test-method is-config="true" signature="LaunchBrowser()[pri:0, instance:EntrataAssess.TestOneTest@681a8b4e]" started-at="2024-03-04T16:26:18 GMT+05:30" name="LaunchBrowser" finished-at="2024-03-04T16:26:25 GMT+05:30" duration-ms="7202" status="PASS">
          <reporter-output>
          </reporter-output>
        </test-method> <!-- LaunchBrowser -->
        <test-method signature="DemoForm()[pri:0, instance:EntrataAssess.TestOneTest@681a8b4e]" started-at="2024-03-04T16:26:25 GMT+05:30" name="DemoForm" finished-at="2024-03-04T16:26:32 GMT+05:30" duration-ms="6670" status="PASS">
          <reporter-output>
          </reporter-output>
        </test-method> <!-- DemoForm -->
        <test-method is-config="true" signature="tearDown()[pri:0, instance:EntrataAssess.TestOneTest@681a8b4e]" started-at="2024-03-04T16:26:32 GMT+05:30" name="tearDown" finished-at="2024-03-04T16:26:32 GMT+05:30" duration-ms="186" status="PASS">
          <reporter-output>
          </reporter-output>
        </test-method> <!-- tearDown -->
        <test-method is-config="true" signature="LaunchBrowser()[pri:0, instance:EntrataAssess.TestOneTest@681a8b4e]" started-at="2024-03-04T16:26:32 GMT+05:30" name="LaunchBrowser" finished-at="2024-03-04T16:26:38 GMT+05:30" duration-ms="5373" status="PASS">
          <reporter-output>
          </reporter-output>
        </test-method> <!-- LaunchBrowser -->
        <test-method signature="SignIn()[pri:0, instance:EntrataAssess.TestOneTest@681a8b4e]" started-at="2024-03-04T16:26:38 GMT+05:30" name="SignIn" finished-at="2024-03-04T16:26:39 GMT+05:30" duration-ms="1430" status="PASS">
          <reporter-output>
          </reporter-output>
        </test-method> <!-- SignIn -->
        <test-method is-config="true" signature="tearDown()[pri:0, instance:EntrataAssess.TestOneTest@681a8b4e]" started-at="2024-03-04T16:26:39 GMT+05:30" name="tearDown" finished-at="2024-03-04T16:26:39 GMT+05:30" duration-ms="183" status="PASS">
          <reporter-output>
          </reporter-output>
        </test-method> <!-- tearDown -->
        <test-method is-config="true" signature="LaunchBrowser()[pri:0, instance:EntrataAssess.TestOneTest@681a8b4e]" started-at="2024-03-04T16:26:39 GMT+05:30" name="LaunchBrowser" finished-at="2024-03-04T16:26:45 GMT+05:30" duration-ms="5786" status="PASS">
          <reporter-output>
          </reporter-output>
        </test-method> <!-- LaunchBrowser -->
        <test-method signature="testHomePageFunction()[pri:0, instance:EntrataAssess.TestOneTest@681a8b4e]" started-at="2024-03-04T16:26:45 GMT+05:30" name="testHomePageFunction" finished-at="2024-03-04T16:26:45 GMT+05:30" duration-ms="143" status="PASS">
          <reporter-output>
          </reporter-output>
        </test-method> <!-- testHomePageFunction -->
        <test-method is-config="true" signature="tearDown()[pri:0, instance:EntrataAssess.TestOneTest@681a8b4e]" started-at="2024-03-04T16:26:45 GMT+05:30" name="tearDown" finished-at="2024-03-04T16:26:45 GMT+05:30" duration-ms="133" status="PASS">
          <reporter-output>
          </reporter-output>
        </test-method> <!-- tearDown -->
      </class> <!-- EntrataAssess.TestOneTest -->
    </test> <!-- Surefire test -->
  </suite> <!-- Surefire suite -->
</testng-results>
