<?xml version="1.0" encoding="UTF-8"?>
<testng-results ignored="0" total="4" passed="4" failed="0" skipped="0">
  <reporter-output>
  </reporter-output>
  <suite started-at="2024-03-05T15:12:49 GMT+05:30" name="Suite" finished-at="2024-03-05T15:13:30 GMT+05:30" duration-ms="41225">
    <groups>
    </groups>
    <test started-at="2024-03-05T15:12:49 GMT+05:30" name="Test" finished-at="2024-03-05T15:13:30 GMT+05:30" duration-ms="41225">
      <class name="EntrataAssess.TwoTest">
        <test-method is-config="true" signature="LaunchBrowserMethod()[pri:0, instance:EntrataAssess.TwoTest@5bfa8cc5]" started-at="2024-03-05T15:13:23 GMT+05:30" name="LaunchBrowserMethod" finished-at="2024-03-05T15:13:29 GMT+05:30" duration-ms="6643" status="PASS">
          <reporter-output>
          </reporter-output>
        </test-method> <!-- LaunchBrowserMethod -->
        <test-method signature="ProductsIsVisible()[pri:0, instance:EntrataAssess.TwoTest@5bfa8cc5]" started-at="2024-03-05T15:13:29 GMT+05:30" name="ProductsIsVisible" finished-at="2024-03-05T15:13:30 GMT+05:30" duration-ms="536" status="PASS">
          <reporter-output>
          </reporter-output>
        </test-method> <!-- ProductsIsVisible -->
        <test-method is-config="true" signature="CloseBrowser()[pri:0, instance:EntrataAssess.TwoTest@5bfa8cc5]" started-at="2024-03-05T15:13:30 GMT+05:30" name="CloseBrowser" finished-at="2024-03-05T15:13:30 GMT+05:30" duration-ms="441" status="PASS">
          <reporter-output>
          </reporter-output>
        </test-method> <!-- CloseBrowser -->
      </class> <!-- EntrataAssess.TwoTest -->
      <class name="EntrataAssess.TestOneTest">
        <test-method is-config="true" signature="LaunchBrowser()[pri:0, instance:EntrataAssess.TestOneTest@a8e6492]" started-at="2024-03-05T15:12:49 GMT+05:30" name="LaunchBrowser" finished-at="2024-03-05T15:13:00 GMT+05:30" duration-ms="10816" status="PASS">
          <reporter-output>
          </reporter-output>
        </test-method> <!-- LaunchBrowser -->
        <test-method signature="DemoForm()[pri:0, instance:EntrataAssess.TestOneTest@a8e6492]" started-at="2024-03-05T15:13:00 GMT+05:30" name="DemoForm" finished-at="2024-03-05T15:13:06 GMT+05:30" duration-ms="5715" status="PASS">
          <reporter-output>
          </reporter-output>
        </test-method> <!-- DemoForm -->
        <test-method is-config="true" signature="tearDown()[pri:0, instance:EntrataAssess.TestOneTest@a8e6492]" started-at="2024-03-05T15:13:06 GMT+05:30" name="tearDown" finished-at="2024-03-05T15:13:06 GMT+05:30" duration-ms="510" status="PASS">
          <reporter-output>
          </reporter-output>
        </test-method> <!-- tearDown -->
        <test-method is-config="true" signature="LaunchBrowser()[pri:0, instance:EntrataAssess.TestOneTest@a8e6492]" started-at="2024-03-05T15:13:06 GMT+05:30" name="LaunchBrowser" finished-at="2024-03-05T15:13:13 GMT+05:30" duration-ms="6636" status="PASS">
          <reporter-output>
          </reporter-output>
        </test-method> <!-- LaunchBrowser -->
        <test-method signature="SignIn()[pri:0, instance:EntrataAssess.TestOneTest@a8e6492]" started-at="2024-03-05T15:13:13 GMT+05:30" name="SignIn" finished-at="2024-03-05T15:13:15 GMT+05:30" duration-ms="2124" status="PASS">
          <reporter-output>
          </reporter-output>
        </test-method> <!-- SignIn -->
        <test-method is-config="true" signature="tearDown()[pri:0, instance:EntrataAssess.TestOneTest@a8e6492]" started-at="2024-03-05T15:13:15 GMT+05:30" name="tearDown" finished-at="2024-03-05T15:13:16 GMT+05:30" duration-ms="430" status="PASS">
          <reporter-output>
          </reporter-output>
        </test-method> <!-- tearDown -->
        <test-method is-config="true" signature="LaunchBrowser()[pri:0, instance:EntrataAssess.TestOneTest@a8e6492]" started-at="2024-03-05T15:13:16 GMT+05:30" name="LaunchBrowser" finished-at="2024-03-05T15:13:22 GMT+05:30" duration-ms="6723" status="PASS">
          <reporter-output>
          </reporter-output>
        </test-method> <!-- LaunchBrowser -->
        <test-method signature="testHomePageFunction()[pri:0, instance:EntrataAssess.TestOneTest@a8e6492]" started-at="2024-03-05T15:13:22 GMT+05:30" name="testHomePageFunction" finished-at="2024-03-05T15:13:22 GMT+05:30" duration-ms="176" status="PASS">
          <reporter-output>
          </reporter-output>
        </test-method> <!-- testHomePageFunction -->
        <test-method is-config="true" signature="tearDown()[pri:0, instance:EntrataAssess.TestOneTest@a8e6492]" started-at="2024-03-05T15:13:22 GMT+05:30" name="tearDown" finished-at="2024-03-05T15:13:23 GMT+05:30" duration-ms="381" status="PASS">
          <reporter-output>
          </reporter-output>
        </test-method> <!-- tearDown -->
      </class> <!-- EntrataAssess.TestOneTest -->
    </test> <!-- Test -->
  </suite> <!-- Suite -->
</testng-results>
